        -:    0:Source:testdata/cpp/simple.cpp
        -:    0:Graph:simple.gcno
        -:    0:Data:simple.gcda
        -:    0:Runs:1
        -:    0:Programs:1
        -:    1:
        1:    2:int multiply(int a, int b) {
        1:    3:    return a * b;
        -:    4:}
        -:    5:
        -:    6:class Calculator {
        -:    7:public:
        1:    8:    int add(int a, int b) {
        1:    9:        return a + b;
        -:   10:    }
        -:   11:
        1:   12:    int factorial(int n) {
        3:   13:        if (n <= 1) return 1;
        2:   14:        return n * factorial(n - 1);
        -:   15:    }
        -:   16:};
